<?xml version="1.0" encoding="UTF-8"?>
<testng-results ignored="2" total="3" passed="1" failed="0" skipped="0">
  <reporter-output>
  </reporter-output>
  <suite started-at="2021-07-18T22:51:16 IST" name="Suite" finished-at="2021-07-18T22:52:15 IST" duration-ms="58782">
    <groups>
    </groups>
    <test started-at="2021-07-18T22:51:16 IST" name="Test_1" finished-at="2021-07-18T22:52:15 IST" duration-ms="58782">
      <class name="com.example.selenideFw.accounts.ProfileManagementTest">
        <test-method is-config="true" signature="beforeTest(java.lang.String)[pri:0, instance:com.example.selenideFw.accounts.ProfileManagementTest@1a18a4c2]" started-at="2021-07-18T22:51:16 IST" name="beforeTest" finished-at="2021-07-18T22:51:16 IST" duration-ms="51" status="PASS">
          <params>
            <param index="0">
              <value>
                <![CDATA[qa01]]>
              </value>
            </param>
          </params>
          <reporter-output>
          </reporter-output>
        </test-method> <!-- beforeTest -->
        <test-method is-config="true" signature="setupTest()[pri:0, instance:com.example.selenideFw.accounts.ProfileManagementTest@1a18a4c2]" started-at="2021-07-18T22:51:16 IST" name="setupTest" finished-at="2021-07-18T22:51:16 IST" duration-ms="31" status="PASS">
          <reporter-output>
          </reporter-output>
        </test-method> <!-- setupTest -->
      </class> <!-- com.example.selenideFw.accounts.ProfileManagementTest -->
      <class name="com.example.selenideFw.contracts.AddContractTest">
        <test-method is-config="true" signature="springTestContextBeforeTestClass()[pri:0, instance:com.example.selenideFw.contracts.AddContractTest@36f306db]" started-at="2021-07-18T22:51:16 IST" name="springTestContextBeforeTestClass" finished-at="2021-07-18T22:51:16 IST" duration-ms="12" status="PASS">
          <reporter-output>
          </reporter-output>
        </test-method> <!-- springTestContextBeforeTestClass -->
        <test-method is-config="true" signature="springTestContextPrepareTestInstance()[pri:0, instance:com.example.selenideFw.contracts.AddContractTest@36f306db]" started-at="2021-07-18T22:51:16 IST" name="springTestContextPrepareTestInstance" finished-at="2021-07-18T22:51:21 IST" depends-on-methods="org.springframework.test.context.testng.AbstractTestNGSpringContextTests.springTestContextBeforeTestClass" duration-ms="5286" status="PASS">
          <reporter-output>
          </reporter-output>
        </test-method> <!-- springTestContextPrepareTestInstance -->
        <test-method is-config="true" signature="setUpAllure()[pri:0, instance:com.example.selenideFw.contracts.AddContractTest@36f306db]" started-at="2021-07-18T22:51:21 IST" name="setUpAllure" finished-at="2021-07-18T22:51:21 IST" duration-ms="9" status="PASS">
          <reporter-output>
          </reporter-output>
        </test-method> <!-- setUpAllure -->
        <test-method is-config="true" signature="setupModuleData()[pri:0, instance:com.example.selenideFw.contracts.AddContractTest@36f306db]" started-at="2021-07-18T22:51:21 IST" name="setupModuleData" finished-at="2021-07-18T22:51:43 IST" duration-ms="21531" status="PASS">
          <reporter-output>
          </reporter-output>
        </test-method> <!-- setupModuleData -->
        <test-method is-config="true" signature="springTestContextBeforeTestMethod(java.lang.reflect.Method)[pri:0, instance:com.example.selenideFw.contracts.AddContractTest@36f306db]" started-at="2021-07-18T22:51:43 IST" name="springTestContextBeforeTestMethod" finished-at="2021-07-18T22:51:43 IST" duration-ms="3" status="PASS">
          <params>
            <param index="0">
              <value>
                <![CDATA[public void com.example.selenideFw.contracts.AddContractTest.validateErrorMessageForTwoContractsConfiguredInSameYear() throws java.lang.InterruptedException]]>
              </value>
            </param>
          </params>
          <reporter-output>
          </reporter-output>
        </test-method> <!-- springTestContextBeforeTestMethod -->
        <test-method is-config="true" signature="setUp()[pri:0, instance:com.example.selenideFw.contracts.AddContractTest@36f306db]" started-at="2021-07-18T22:51:43 IST" name="setUp" finished-at="2021-07-18T22:51:44 IST" duration-ms="300" status="PASS">
          <reporter-output>
          </reporter-output>
        </test-method> <!-- setUp -->
        <test-method signature="validateErrorMessageForTwoContractsConfiguredInSameYear()[pri:0, instance:com.example.selenideFw.contracts.AddContractTest@36f306db]" started-at="2021-07-18T22:51:44 IST" name="validateErrorMessageForTwoContractsConfiguredInSameYear" finished-at="2021-07-18T22:52:15 IST" duration-ms="31006" status="PASS">
          <reporter-output>
          </reporter-output>
        </test-method> <!-- validateErrorMessageForTwoContractsConfiguredInSameYear -->
        <test-method is-config="true" signature="springTestContextAfterTestMethod(java.lang.reflect.Method)[pri:0, instance:com.example.selenideFw.contracts.AddContractTest@36f306db]" started-at="2021-07-18T22:52:15 IST" name="springTestContextAfterTestMethod" finished-at="2021-07-18T22:52:15 IST" duration-ms="3" status="PASS">
          <params>
            <param index="0">
              <value>
                <![CDATA[public void com.example.selenideFw.contracts.AddContractTest.validateErrorMessageForTwoContractsConfiguredInSameYear() throws java.lang.InterruptedException]]>
              </value>
            </param>
          </params>
          <reporter-output>
          </reporter-output>
        </test-method> <!-- springTestContextAfterTestMethod -->
        <test-method is-config="true" signature="tearDownModuleData()[pri:0, instance:com.example.selenideFw.contracts.AddContractTest@36f306db]" started-at="2021-07-18T22:52:15 IST" name="tearDownModuleData" finished-at="2021-07-18T22:52:15 IST" duration-ms="105" status="PASS">
          <reporter-output>
          </reporter-output>
        </test-method> <!-- tearDownModuleData -->
        <test-method is-config="true" signature="springTestContextAfterTestClass()[pri:0, instance:com.example.selenideFw.contracts.AddContractTest@36f306db]" started-at="2021-07-18T22:52:15 IST" name="springTestContextAfterTestClass" finished-at="2021-07-18T22:52:15 IST" duration-ms="2" status="PASS">
          <reporter-output>
          </reporter-output>
        </test-method> <!-- springTestContextAfterTestClass -->
      </class> <!-- com.example.selenideFw.contracts.AddContractTest -->
    </test> <!-- Test_1 -->
  </suite> <!-- Suite -->
</testng-results>
